[debug] [2022-04-18T13:07:13.673Z] ----------------------------------------------------------------------
[debug] [2022-04-18T13:07:13.674Z] Command:       C:\Program Files\nodejs\node.exe C:\Users\USER\AppData\Roaming\npm\node_modules\firebase-tools\lib\bin\firebase.js init
[debug] [2022-04-18T13:07:13.675Z] CLI Version:   10.6.0
[debug] [2022-04-18T13:07:13.675Z] Platform:      win32
[debug] [2022-04-18T13:07:13.675Z] Node Version:  v16.13.2
[debug] [2022-04-18T13:07:13.676Z] Time:          Mon Apr 18 2022 19:07:13 GMT+0600 (Bangladesh Standard Time)
[debug] [2022-04-18T13:07:13.676Z] ----------------------------------------------------------------------
[debug] 
[debug] [2022-04-18T13:07:13.730Z] > command requires scopes: ["email","openid","https://www.googleapis.com/auth/cloudplatformprojects.readonly","https://www.googleapis.com/auth/firebase","https://www.googleapis.com/auth/cloud-platform"]
[debug] [2022-04-18T13:07:13.730Z] > authorizing via signed-in user (akramhossain56789@gmail.com)
[info] 
     ######## #### ########  ######## ########     ###     ######  ########
     ##        ##  ##     ## ##       ##     ##  ##   ##  ##       ##
     ######    ##  ########  ######   ########  #########  ######  ######
     ##        ##  ##    ##  ##       ##     ## ##     ##       ## ##
     ##       #### ##     ## ######## ########  ##     ##  ######  ########

You're about to initialize a Firebase project in this directory:

  C:\Projects\assignment-10

Before we get started, keep in mind:

  * You are currently outside your home directory
  * You are initializing within an existing Firebase project directory

[info] 
=== Project Setup
[info] 
[info] First, let's associate this project directory with a Firebase project.
[info] You can create multiple project aliases by running firebase use --add, 
[info] but for now we'll just set up a default project.
[info] 
[debug] [2022-04-18T13:07:20.100Z] Using project from CLI flag: fahim-assignment-10
[debug] [2022-04-18T13:07:20.102Z] >>> [apiv2][query] GET https://firebase.googleapis.com/v1beta1/projects/fahim-assignment-10 [none]
[debug] [2022-04-18T13:07:41.150Z] Failed to make request to https://firebase.googleapis.com/v1beta1/projects/fahim-assignment-10
[debug] [2022-04-18T13:07:41.403Z] FirebaseError: Failed to make request to https://firebase.googleapis.com/v1beta1/projects/fahim-assignment-10
    at RetryOperation._fn (C:\Users\USER\AppData\Roaming\npm\node_modules\firebase-tools\lib\apiv2.js:240:31)
    at processTicksAndRejections (node:internal/process/task_queues:96:5)
[error] 
[error] Error: Failed to get Firebase project fahim-assignment-10. Please make sure the project exists and your account has permission to access it.
